<?xml version="1.0" encoding="UTF-8"?>
<!-- Generated by org.testng.reporters.JUnitReportReporter -->
<testsuite hostname="LAPTOP-UCEAIENJ" failures="0" tests="1" name="demo.Class2" time="7.733" errors="0" timestamp="2023-06-15T10:08:04 IST" skipped="0">
  <testcase classname="demo.Class2" name="loginValidCredentials" time="7.733"/>
  <system-out/>
</testsuite> <!-- demo.Class2 -->
