<?xml version="1.0" encoding="UTF-8"?>
<!-- Generated by org.testng.reporters.JUnitReportReporter -->
<testsuite hostname="LAPTOP-UCEAIENJ" failures="0" tests="1" name="TestCasesNew.TC__006" time="48.364" errors="0" timestamp="2023-06-29T09:56:37 IST" skipped="0">
  <testcase classname="TestCasesNew.TC__006" name="newLeadCreationAndDuplicationAndDeletion" time="48.364"/>
  <system-out/>
</testsuite> <!-- TestCasesNew.TC__006 -->
