<?xml version="1.0" encoding="UTF-8"?>
<!-- Generated by org.testng.reporters.JUnitReportReporter -->
<testsuite hostname="LAPTOP-UCEAIENJ" failures="0" tests="1" name="demo.ExtentReportsClass2" time="26.524" errors="0" timestamp="2023-06-17T08:55:46 IST" skipped="0">
  <testcase classname="demo.ExtentReportsClass2" name="report" time="26.524"/>
  <system-out/>
</testsuite> <!-- demo.ExtentReportsClass2 -->
