<?xml version="1.0" encoding="UTF-8"?>
<!-- Generated by org.testng.reporters.JUnitReportReporter -->
<testsuite hostname="LAPTOP-UCEAIENJ" failures="0" tests="1" name="TestCasesNew.TC__005" time="16.427" errors="0" timestamp="2023-07-01T10:10:34 IST" skipped="0">
  <testcase classname="TestCasesNew.TC__005" name="newLeadCreation" time="16.427"/>
  <system-out/>
</testsuite> <!-- TestCasesNew.TC__005 -->
