<?xml version="1.0" encoding="UTF-8"?>
<!-- Generated by org.testng.reporters.JUnitReportReporter -->
<testsuite hostname="LAPTOP-UCEAIENJ" failures="0" tests="4" name="dataProvider.DataProviderPractice1" time="0.014" errors="0" timestamp="2023-06-14T09:21:58 IST" skipped="0">
  <testcase classname="dataProvider.DataProviderPractice1" name="utilization" time="0.003"/>
  <system-out/>
  <testcase classname="dataProvider.DataProviderPractice1" name="utilization" time="0.003"/>
  <system-out/>
  <testcase classname="dataProvider.DataProviderPractice1" name="utilization" time="0.002"/>
  <system-out/>
  <testcase classname="dataProvider.DataProviderPractice1" name="utilization" time="0.006"/>
  <system-out/>
</testsuite> <!-- dataProvider.DataProviderPractice1 -->
