<?xml version="1.0" encoding="UTF-8"?>
<!-- Generated by org.testng.reporters.JUnitReportReporter -->
<testsuite hostname="LAPTOP-UCEAIENJ" failures="0" tests="1" name="TestCases.TC_001" time="221.261" errors="0" timestamp="2023-06-22T19:42:03 IST" skipped="0">
  <testcase classname="TestCases.TC_001" name="validatingLogInFunctionality" time="221.261"/>
  <system-out/>
</testsuite> <!-- TestCases.TC_001 -->
