<?xml version="1.0" encoding="UTF-8"?>
<!-- Generated by org.testng.reporters.JUnitReportReporter -->
<testsuite hostname="LAPTOP-UCEAIENJ" failures="0" tests="1" name="TestCasesNew.TC__004" time="23.080" errors="0" timestamp="2023-07-01T09:56:39 IST" skipped="0">
  <testcase classname="TestCasesNew.TC__004" name="newContactCreationWithExistingOrganization" time="23.080"/>
  <system-out/>
</testsuite> <!-- TestCasesNew.TC__004 -->
