<?xml version="1.0" encoding="UTF-8"?>
<!-- Generated by org.testng.reporters.JUnitReportReporter -->
<testsuite hostname="LAPTOP-UCEAIENJ" failures="0" tests="9" name="genericlibraries.DataProvidersPractice" time="125.281" errors="0" timestamp="2023-06-13T20:16:59 IST" skipped="0">
  <testcase classname="genericlibraries.DataProvidersPractice" name="readingDataFromExternalResource" time="13.046"/>
  <system-out/>
  <testcase classname="genericlibraries.DataProvidersPractice" name="readingDataFromExternalResource" time="14.040"/>
  <system-out/>
  <testcase classname="genericlibraries.DataProvidersPractice" name="readingDataFromExternalResource" time="24.897"/>
  <system-out/>
  <testcase classname="genericlibraries.DataProvidersPractice" name="readingDataFromExternalResource" time="14.374"/>
  <system-out/>
  <testcase classname="genericlibraries.DataProvidersPractice" name="readingDataFromExternalResource" time="10.842"/>
  <system-out/>
  <testcase classname="genericlibraries.DataProvidersPractice" name="readingDataFromExternalResource" time="11.717"/>
  <system-out/>
  <testcase classname="genericlibraries.DataProvidersPractice" name="readingDataFromExternalResource" time="13.194"/>
  <system-out/>
  <testcase classname="genericlibraries.DataProvidersPractice" name="readingDataFromExternalResource" time="10.995"/>
  <system-out/>
  <testcase classname="genericlibraries.DataProvidersPractice" name="readingDataFromExternalResource" time="12.176"/>
  <system-out/>
</testsuite> <!-- genericlibraries.DataProvidersPractice -->
