<?xml version="1.0" encoding="UTF-8"?>
<!-- Generated by org.testng.reporters.JUnitReportReporter -->
<testsuite hostname="LAPTOP-UCEAIENJ" failures="0" tests="1" name="TestCasesNew.TC__003" time="20.746" errors="0" timestamp="2023-07-01T09:53:28 IST" skipped="0">
  <testcase classname="TestCasesNew.TC__003" name="newContactCreation" time="20.746"/>
  <system-out/>
</testsuite> <!-- TestCasesNew.TC__003 -->
