<?xml version="1.0" encoding="UTF-8"?>
<!-- Generated by org.testng.reporters.JUnitReportReporter -->
<testsuite hostname="LAPTOP-UCEAIENJ" failures="0" tests="1" name="TestCases.TC__02" time="13.075" errors="0" timestamp="2023-06-24T09:28:52 IST" skipped="0">
  <testcase classname="TestCases.TC__02" name="creatingNewOrganization" time="13.075"/>
  <system-out/>
</testsuite> <!-- TestCases.TC__02 -->
