<?xml version="1.0" encoding="UTF-8"?>
<!-- Generated by org.testng.reporters.JUnitReportReporter -->
<testsuite hostname="LAPTOP-UCEAIENJ" failures="0" tests="1" name="TestCasesNew.TC_07_Test" time="15.607" errors="0" timestamp="2023-07-05T10:14:20 IST" skipped="0">
  <testcase classname="TestCasesNew.TC_07_Test" name="ceateEvenetTestcase" time="15.607"/>
  <system-out/>
</testsuite> <!-- TestCasesNew.TC_07_Test -->
