<?xml version="1.0" encoding="UTF-8"?>
<!-- Generated by org.testng.reporters.JUnitReportReporter -->
<testsuite hostname="LAPTOP-UCEAIENJ" failures="0" tests="4" name="dataProvider.DataProviderUtilization" time="0.015" errors="0" timestamp="2023-06-14T09:27:21 IST" skipped="0">
  <testcase classname="dataProvider.DataProviderUtilization" name="sample3" time="0.002"/>
  <system-out/>
  <testcase classname="dataProvider.DataProviderUtilization" name="sample3" time="0.002"/>
  <system-out/>
  <testcase classname="dataProvider.DataProviderUtilization" name="sample3" time="0.002"/>
  <system-out/>
  <testcase classname="dataProvider.DataProviderUtilization" name="sample3" time="0.009"/>
  <system-out/>
</testsuite> <!-- dataProvider.DataProviderUtilization -->
