<?xml version="1.0" encoding="UTF-8"?>
<!-- Generated by org.testng.reporters.JUnitReportReporter -->
<testsuite hostname="LAPTOP-UCEAIENJ" failures="0" tests="1" name="TestCasesNew.TC__002" time="16.912" errors="0" timestamp="2023-07-01T09:17:11 IST" skipped="0">
  <testcase classname="TestCasesNew.TC__002" name="newOrganizationCreationwithIndustryAndType" time="16.912"/>
  <system-out/>
</testsuite> <!-- TestCasesNew.TC__002 -->
