<?xml version="1.0" encoding="UTF-8"?>
<!-- Generated by org.testng.reporters.JUnitReportReporter -->
<testsuite hostname="LAPTOP-UCEAIENJ" failures="0" tests="1" name="TestCasesNew.TC__001" time="18.942" errors="0" timestamp="2023-07-01T09:12:11 IST" skipped="0">
  <testcase classname="TestCasesNew.TC__001" name="newOrganizationCreation" time="18.942"/>
  <system-out/>
</testsuite> <!-- TestCasesNew.TC__001 -->
