<?xml version="1.0" encoding="UTF-8"?>
<!-- Generated by org.testng.reporters.JUnitReportReporter -->
<testsuite hostname="LAPTOP-UCEAIENJ" failures="0" tests="1" name="TestCasesNew.CreatingNewContacts" time="29.635" errors="0" timestamp="2023-06-27T09:54:35 IST" skipped="0">
  <testcase classname="TestCasesNew.CreatingNewContacts" name="creatingcontatcWithexsistingOrg" time="29.635"/>
  <system-out/>
</testsuite> <!-- TestCasesNew.CreatingNewContacts -->
