<?xml version="1.0" encoding="UTF-8"?>
<!-- Generated by org.testng.reporters.JUnitReportReporter -->
<testsuite hostname="LAPTOP-UCEAIENJ" failures="0" tests="1" name="TestCasesNew.TC_03_Test" time="17.069" errors="0" timestamp="2023-07-05T10:14:20 IST" skipped="0">
  <testcase classname="TestCasesNew.TC_03_Test" name="newContactCreation" time="17.069"/>
  <system-out/>
</testsuite> <!-- TestCasesNew.TC_03_Test -->
