<?xml version="1.0" encoding="UTF-8"?>
<!-- Generated by org.testng.reporters.JUnitReportReporter -->
<testsuite hostname="LAPTOP-UCEAIENJ" failures="0" tests="1" name="TestCasesNew.TC_05_Test" time="25.905" errors="0" timestamp="2023-07-05T10:14:20 IST" skipped="0">
  <testcase classname="TestCasesNew.TC_05_Test" name="newLeadCreation" time="25.905"/>
  <system-out/>
</testsuite> <!-- TestCasesNew.TC_05_Test -->
