<?xml version="1.0" encoding="UTF-8"?>
<!-- Generated by org.testng.reporters.JUnitReportReporter -->
<testsuite hostname="LAPTOP-UCEAIENJ" failures="0" tests="1" name="TestCasesNew.TC_02_Test" time="15.856" errors="0" timestamp="2023-07-05T10:14:20 IST" skipped="0">
  <testcase classname="TestCasesNew.TC_02_Test" name="newOrganizationCreationwithIndustryAndType" time="15.856"/>
  <system-out/>
</testsuite> <!-- TestCasesNew.TC_02_Test -->
