<?xml version="1.0" encoding="UTF-8"?>
<!-- Generated by org.testng.reporters.JUnitReportReporter -->
<testsuite hostname="LAPTOP-UCEAIENJ" failures="0" tests="1" name="TestCasesNew.TC__007" time="16.294" errors="0" timestamp="2023-06-29T09:57:15 IST" skipped="0">
  <testcase classname="TestCasesNew.TC__007" name="ceateEvenetTestcase" time="16.294"/>
  <system-out/>
</testsuite> <!-- TestCasesNew.TC__007 -->
