<?xml version="1.0" encoding="UTF-8"?>
<!-- Generated by org.testng.reporters.JUnitReportReporter -->
<testsuite hostname="LAPTOP-UCEAIENJ" failures="0" tests="1" name="demo.ExtentReportsClass" time="1.082" errors="0" timestamp="2023-06-17T08:38:03 IST" skipped="0">
  <testcase classname="demo.ExtentReportsClass" name="report" time="1.082"/>
  <system-out/>
</testsuite> <!-- demo.ExtentReportsClass -->
