<?xml version="1.0" encoding="UTF-8"?>
<!-- Generated by org.testng.reporters.JUnitReportReporter -->
<testsuite hostname="LAPTOP-UCEAIENJ" failures="0" tests="2" name="demo.Class1" time="12.091" errors="0" timestamp="2023-06-15T10:08:04 IST" skipped="0">
  <testcase classname="demo.Class1" name="loginValidCredentials" time="5.245"/>
  <system-out/>
  <testcase classname="demo.Class1" name="loginInValidCredentials" time="6.846"/>
  <system-out/>
</testsuite> <!-- demo.Class1 -->
