<?xml version="1.0" encoding="UTF-8"?>
<!-- Generated by org.testng.reporters.JUnitReportReporter -->
<testsuite hostname="LAPTOP-UCEAIENJ" failures="0" tests="1" name="TestCasesNew.TC_03_Test" time="19.684" errors="0" timestamp="06 Jul 2023 15:34:17 GMT" skipped="0">
  <testcase classname="TestCasesNew.TC_03_Test" name="newContactCreation" time="19.684"/>
</testsuite> <!-- TestCasesNew.TC_03_Test -->
