<?xml version="1.0" encoding="UTF-8"?>
<!-- Generated by org.testng.reporters.JUnitReportReporter -->
<testsuite hostname="LAPTOP-UCEAIENJ" failures="0" tests="1" name="TestCasesNew.TC_06_Test" time="58.835" errors="0" timestamp="06 Jul 2023 15:34:17 GMT" skipped="0">
  <testcase classname="TestCasesNew.TC_06_Test" name="newLeadCreationAndDuplicationAndDeletion" time="58.835"/>
</testsuite> <!-- TestCasesNew.TC_06_Test -->
