<?xml version="1.0" encoding="UTF-8"?>
<!-- Generated by org.testng.reporters.JUnitReportReporter -->
<testsuite hostname="LAPTOP-UCEAIENJ" failures="0" tests="1" name="TestCasesNew.TC_04_Test" time="24.811" errors="0" timestamp="06 Jul 2023 15:34:17 GMT" skipped="0">
  <testcase classname="TestCasesNew.TC_04_Test" name="newContactCreationWithExistingOrganization" time="24.811"/>
</testsuite> <!-- TestCasesNew.TC_04_Test -->
